[1.587s] Invoking command in '/home/amandafontes/M6/M6-Inteli-Robot-Simulation/gazebo_simulation/ros2_workspace/src/gazebo_simulation': PYTHONPATH=/home/amandafontes/M6/M6-Inteli-Robot-Simulation/gazebo_simulation/ros2_workspace/build/gazebo_simulation/prefix_override:/home/amandafontes/M6/M6-Inteli-Robot-Simulation/gazebo_simulation/ros2_workspace/install/gazebo_simulation/lib/python3.10/site-packages:${PYTHONPATH} WSLENV=ELECTRON_RUN_AS_NODE/w: /usr/bin/python3 setup.py egg_info --egg-base ../../build/gazebo_simulation build --build-base /home/amandafontes/M6/M6-Inteli-Robot-Simulation/gazebo_simulation/ros2_workspace/build/gazebo_simulation/build install --record /home/amandafontes/M6/M6-Inteli-Robot-Simulation/gazebo_simulation/ros2_workspace/build/gazebo_simulation/install.log --single-version-externally-managed
[1.984s] running egg_info
[1.984s] writing ../../build/gazebo_simulation/gazebo_simulation.egg-info/PKG-INFO
[1.985s] writing dependency_links to ../../build/gazebo_simulation/gazebo_simulation.egg-info/dependency_links.txt
[1.985s] writing entry points to ../../build/gazebo_simulation/gazebo_simulation.egg-info/entry_points.txt
[1.986s] writing requirements to ../../build/gazebo_simulation/gazebo_simulation.egg-info/requires.txt
[1.986s] writing top-level names to ../../build/gazebo_simulation/gazebo_simulation.egg-info/top_level.txt
[1.989s] reading manifest file '../../build/gazebo_simulation/gazebo_simulation.egg-info/SOURCES.txt'
[1.991s] writing manifest file '../../build/gazebo_simulation/gazebo_simulation.egg-info/SOURCES.txt'
[1.991s] running build
[1.991s] running build_py
[1.991s] copying gazebo_simulation/__init__.py -> /home/amandafontes/M6/M6-Inteli-Robot-Simulation/gazebo_simulation/ros2_workspace/build/gazebo_simulation/build/lib/gazebo_simulation
[1.992s] running install
[1.992s] /usr/lib/python3/dist-packages/setuptools/command/install.py:34: SetuptoolsDeprecationWarning: setup.py install is deprecated. Use build and pip and other standards-based tools.
[1.992s]   warnings.warn(
[1.993s] running install_lib
[1.994s] copying /home/amandafontes/M6/M6-Inteli-Robot-Simulation/gazebo_simulation/ros2_workspace/build/gazebo_simulation/build/lib/gazebo_simulation/__init__.py -> /home/amandafontes/M6/M6-Inteli-Robot-Simulation/gazebo_simulation/ros2_workspace/install/gazebo_simulation/lib/python3.10/site-packages/gazebo_simulation
[1.995s] byte-compiling /home/amandafontes/M6/M6-Inteli-Robot-Simulation/gazebo_simulation/ros2_workspace/install/gazebo_simulation/lib/python3.10/site-packages/gazebo_simulation/__init__.py to __init__.cpython-310.pyc
[1.997s] running install_data
[1.998s] running install_egg_info
[2.000s] removing '/home/amandafontes/M6/M6-Inteli-Robot-Simulation/gazebo_simulation/ros2_workspace/install/gazebo_simulation/lib/python3.10/site-packages/gazebo_simulation-0.0.0-py3.10.egg-info' (and everything under it)
[2.000s] Copying ../../build/gazebo_simulation/gazebo_simulation.egg-info to /home/amandafontes/M6/M6-Inteli-Robot-Simulation/gazebo_simulation/ros2_workspace/install/gazebo_simulation/lib/python3.10/site-packages/gazebo_simulation-0.0.0-py3.10.egg-info
[2.001s] running install_scripts
[2.029s] Installing atividade_gazebo script to /home/amandafontes/M6/M6-Inteli-Robot-Simulation/gazebo_simulation/ros2_workspace/install/gazebo_simulation/lib/gazebo_simulation
[2.030s] writing list of installed files to '/home/amandafontes/M6/M6-Inteli-Robot-Simulation/gazebo_simulation/ros2_workspace/build/gazebo_simulation/install.log'
[2.060s] Invoked command in '/home/amandafontes/M6/M6-Inteli-Robot-Simulation/gazebo_simulation/ros2_workspace/src/gazebo_simulation' returned '0': PYTHONPATH=/home/amandafontes/M6/M6-Inteli-Robot-Simulation/gazebo_simulation/ros2_workspace/build/gazebo_simulation/prefix_override:/home/amandafontes/M6/M6-Inteli-Robot-Simulation/gazebo_simulation/ros2_workspace/install/gazebo_simulation/lib/python3.10/site-packages:${PYTHONPATH} WSLENV=ELECTRON_RUN_AS_NODE/w: /usr/bin/python3 setup.py egg_info --egg-base ../../build/gazebo_simulation build --build-base /home/amandafontes/M6/M6-Inteli-Robot-Simulation/gazebo_simulation/ros2_workspace/build/gazebo_simulation/build install --record /home/amandafontes/M6/M6-Inteli-Robot-Simulation/gazebo_simulation/ros2_workspace/build/gazebo_simulation/install.log --single-version-externally-managed
