[1.046s] Invoking command in '/home/amandafontes/M6/M6-Inteli-Robot-Simulation/gazebo_simulation/ros2_workspace/src/gazebo_simulation': PYTHONPATH=/home/amandafontes/M6/M6-Inteli-Robot-Simulation/gazebo_simulation/ros2_workspace/build/gazebo_simulation/prefix_override:/home/amandafontes/M6/M6-Inteli-Robot-Simulation/gazebo_simulation/ros2_workspace/install/gazebo_simulation/lib/python3.10/site-packages:${PYTHONPATH} WSLENV=ELECTRON_RUN_AS_NODE/w: /usr/bin/python3 setup.py egg_info --egg-base ../../build/gazebo_simulation build --build-base /home/amandafontes/M6/M6-Inteli-Robot-Simulation/gazebo_simulation/ros2_workspace/build/gazebo_simulation/build install --record /home/amandafontes/M6/M6-Inteli-Robot-Simulation/gazebo_simulation/ros2_workspace/build/gazebo_simulation/install.log --single-version-externally-managed
[1.316s] running egg_info
[1.317s] creating ../../build/gazebo_simulation/gazebo_simulation.egg-info
[1.317s] writing ../../build/gazebo_simulation/gazebo_simulation.egg-info/PKG-INFO
[1.318s] writing dependency_links to ../../build/gazebo_simulation/gazebo_simulation.egg-info/dependency_links.txt
[1.318s] writing entry points to ../../build/gazebo_simulation/gazebo_simulation.egg-info/entry_points.txt
[1.318s] writing requirements to ../../build/gazebo_simulation/gazebo_simulation.egg-info/requires.txt
[1.318s] writing top-level names to ../../build/gazebo_simulation/gazebo_simulation.egg-info/top_level.txt
[1.318s] writing manifest file '../../build/gazebo_simulation/gazebo_simulation.egg-info/SOURCES.txt'
[1.320s] reading manifest file '../../build/gazebo_simulation/gazebo_simulation.egg-info/SOURCES.txt'
[1.322s] writing manifest file '../../build/gazebo_simulation/gazebo_simulation.egg-info/SOURCES.txt'
[1.322s] running build
[1.323s] running build_py
[1.323s] creating /home/amandafontes/M6/M6-Inteli-Robot-Simulation/gazebo_simulation/ros2_workspace/build/gazebo_simulation/build
[1.323s] creating /home/amandafontes/M6/M6-Inteli-Robot-Simulation/gazebo_simulation/ros2_workspace/build/gazebo_simulation/build/lib
[1.323s] creating /home/amandafontes/M6/M6-Inteli-Robot-Simulation/gazebo_simulation/ros2_workspace/build/gazebo_simulation/build/lib/gazebo_simulation
[1.323s] copying gazebo_simulation/__init__.py -> /home/amandafontes/M6/M6-Inteli-Robot-Simulation/gazebo_simulation/ros2_workspace/build/gazebo_simulation/build/lib/gazebo_simulation
[1.324s] running install
[1.326s] /usr/lib/python3/dist-packages/setuptools/command/install.py:34: SetuptoolsDeprecationWarning: setup.py install is deprecated. Use build and pip and other standards-based tools.
[1.326s]   warnings.warn(
[1.326s] running install_lib
[1.329s] creating /home/amandafontes/M6/M6-Inteli-Robot-Simulation/gazebo_simulation/ros2_workspace/install/gazebo_simulation/lib/python3.10/site-packages/gazebo_simulation
[1.331s] copying /home/amandafontes/M6/M6-Inteli-Robot-Simulation/gazebo_simulation/ros2_workspace/build/gazebo_simulation/build/lib/gazebo_simulation/__init__.py -> /home/amandafontes/M6/M6-Inteli-Robot-Simulation/gazebo_simulation/ros2_workspace/install/gazebo_simulation/lib/python3.10/site-packages/gazebo_simulation
[1.334s] byte-compiling /home/amandafontes/M6/M6-Inteli-Robot-Simulation/gazebo_simulation/ros2_workspace/install/gazebo_simulation/lib/python3.10/site-packages/gazebo_simulation/__init__.py to __init__.cpython-310.pyc
[1.336s] running install_data
[1.337s] creating /home/amandafontes/M6/M6-Inteli-Robot-Simulation/gazebo_simulation/ros2_workspace/install/gazebo_simulation/share/ament_index
[1.337s] creating /home/amandafontes/M6/M6-Inteli-Robot-Simulation/gazebo_simulation/ros2_workspace/install/gazebo_simulation/share/ament_index/resource_index
[1.337s] creating /home/amandafontes/M6/M6-Inteli-Robot-Simulation/gazebo_simulation/ros2_workspace/install/gazebo_simulation/share/ament_index/resource_index/packages
[1.338s] copying resource/gazebo_simulation -> /home/amandafontes/M6/M6-Inteli-Robot-Simulation/gazebo_simulation/ros2_workspace/install/gazebo_simulation/share/ament_index/resource_index/packages
[1.338s] copying package.xml -> /home/amandafontes/M6/M6-Inteli-Robot-Simulation/gazebo_simulation/ros2_workspace/install/gazebo_simulation/share/gazebo_simulation
[1.338s] running install_egg_info
[1.343s] Copying ../../build/gazebo_simulation/gazebo_simulation.egg-info to /home/amandafontes/M6/M6-Inteli-Robot-Simulation/gazebo_simulation/ros2_workspace/install/gazebo_simulation/lib/python3.10/site-packages/gazebo_simulation-0.0.0-py3.10.egg-info
[1.345s] running install_scripts
[1.371s] Installing atividade_gazebo script to /home/amandafontes/M6/M6-Inteli-Robot-Simulation/gazebo_simulation/ros2_workspace/install/gazebo_simulation/lib/gazebo_simulation
[1.373s] writing list of installed files to '/home/amandafontes/M6/M6-Inteli-Robot-Simulation/gazebo_simulation/ros2_workspace/build/gazebo_simulation/install.log'
[1.406s] Invoked command in '/home/amandafontes/M6/M6-Inteli-Robot-Simulation/gazebo_simulation/ros2_workspace/src/gazebo_simulation' returned '0': PYTHONPATH=/home/amandafontes/M6/M6-Inteli-Robot-Simulation/gazebo_simulation/ros2_workspace/build/gazebo_simulation/prefix_override:/home/amandafontes/M6/M6-Inteli-Robot-Simulation/gazebo_simulation/ros2_workspace/install/gazebo_simulation/lib/python3.10/site-packages:${PYTHONPATH} WSLENV=ELECTRON_RUN_AS_NODE/w: /usr/bin/python3 setup.py egg_info --egg-base ../../build/gazebo_simulation build --build-base /home/amandafontes/M6/M6-Inteli-Robot-Simulation/gazebo_simulation/ros2_workspace/build/gazebo_simulation/build install --record /home/amandafontes/M6/M6-Inteli-Robot-Simulation/gazebo_simulation/ros2_workspace/build/gazebo_simulation/install.log --single-version-externally-managed
