[0.627s] DEBUG:colcon:Command line arguments: ['/usr/bin/colcon', 'build', '--packages-select', 'gazebo_simulation']
[0.627s] DEBUG:colcon:Parsed command line arguments: Namespace(log_base=None, log_level=None, verb_name='build', build_base='build', install_base='install', merge_install=False, symlink_install=False, test_result_base=None, continue_on_error=False, executor='parallel', parallel_workers=8, event_handlers=None, ignore_user_meta=False, metas=['./colcon.meta'], base_paths=['.'], packages_ignore=None, packages_ignore_regex=None, paths=None, packages_up_to=None, packages_up_to_regex=None, packages_above=None, packages_above_and_dependencies=None, packages_above_depth=None, packages_select_by_dep=None, packages_skip_by_dep=None, packages_skip_up_to=None, packages_select_build_failed=False, packages_skip_build_finished=False, packages_select_test_failures=False, packages_skip_test_passed=False, packages_select=['gazebo_simulation'], packages_skip=None, packages_select_regex=None, packages_skip_regex=None, packages_start=None, packages_end=None, allow_overriding=[], cmake_args=None, cmake_target=None, cmake_target_skip_unavailable=False, cmake_clean_cache=False, cmake_clean_first=False, cmake_force_configure=False, ament_cmake_args=None, catkin_cmake_args=None, catkin_skip_building_tests=False, verb_parser=<colcon_defaults.argument_parser.defaults.DefaultArgumentsDecorator object at 0x7f4535392a40>, verb_extension=<colcon_core.verb.build.BuildVerb object at 0x7f453549d330>, main=<bound method BuildVerb.main of <colcon_core.verb.build.BuildVerb object at 0x7f453549d330>>)
[0.680s] Level 1:colcon.colcon_core.package_discovery:discover_packages(colcon_meta) check parameters
[0.681s] Level 1:colcon.colcon_core.package_discovery:discover_packages(recursive) check parameters
[0.681s] Level 1:colcon.colcon_core.package_discovery:discover_packages(ignore) check parameters
[0.681s] Level 1:colcon.colcon_core.package_discovery:discover_packages(path) check parameters
[0.681s] Level 1:colcon.colcon_core.package_discovery:discover_packages(colcon_meta) discover
[0.681s] Level 1:colcon.colcon_core.package_discovery:discover_packages(recursive) discover
[0.681s] INFO:colcon.colcon_core.package_discovery:Crawling recursively for packages in '/home/amandafontes/M6/M6-Inteli-Robot-Simulation/gazebo_simulation/ros2_workspace'
[0.681s] Level 1:colcon.colcon_core.package_identification:_identify(.) by extensions ['ignore', 'ignore_ament_install']
[0.681s] Level 1:colcon.colcon_core.package_identification:_identify(.) by extension 'ignore'
[0.681s] Level 1:colcon.colcon_core.package_identification:_identify(.) by extension 'ignore_ament_install'
[0.681s] Level 1:colcon.colcon_core.package_identification:_identify(.) by extensions ['colcon_pkg']
[0.681s] Level 1:colcon.colcon_core.package_identification:_identify(.) by extension 'colcon_pkg'
[0.681s] Level 1:colcon.colcon_core.package_identification:_identify(.) by extensions ['colcon_meta']
[0.681s] Level 1:colcon.colcon_core.package_identification:_identify(.) by extension 'colcon_meta'
[0.681s] Level 1:colcon.colcon_core.package_identification:_identify(.) by extensions ['ros']
[0.681s] Level 1:colcon.colcon_core.package_identification:_identify(.) by extension 'ros'
[0.698s] Level 1:colcon.colcon_core.package_identification:_identify(.) by extensions ['cmake', 'python']
[0.698s] Level 1:colcon.colcon_core.package_identification:_identify(.) by extension 'cmake'
[0.698s] Level 1:colcon.colcon_core.package_identification:_identify(.) by extension 'python'
[0.698s] Level 1:colcon.colcon_core.package_identification:_identify(.) by extensions ['python_setup_py']
[0.698s] Level 1:colcon.colcon_core.package_identification:_identify(.) by extension 'python_setup_py'
[0.699s] Level 1:colcon.colcon_core.package_identification:_identify(build) by extensions ['ignore', 'ignore_ament_install']
[0.699s] Level 1:colcon.colcon_core.package_identification:_identify(build) by extension 'ignore'
[0.699s] Level 1:colcon.colcon_core.package_identification:_identify(build) ignored
[0.699s] Level 1:colcon.colcon_core.package_identification:_identify(install) by extensions ['ignore', 'ignore_ament_install']
[0.699s] Level 1:colcon.colcon_core.package_identification:_identify(install) by extension 'ignore'
[0.699s] Level 1:colcon.colcon_core.package_identification:_identify(install) ignored
[0.699s] Level 1:colcon.colcon_core.package_identification:_identify(log) by extensions ['ignore', 'ignore_ament_install']
[0.699s] Level 1:colcon.colcon_core.package_identification:_identify(log) by extension 'ignore'
[0.699s] Level 1:colcon.colcon_core.package_identification:_identify(log) ignored
[0.699s] Level 1:colcon.colcon_core.package_identification:_identify(src) by extensions ['ignore', 'ignore_ament_install']
[0.700s] Level 1:colcon.colcon_core.package_identification:_identify(src) by extension 'ignore'
[0.700s] Level 1:colcon.colcon_core.package_identification:_identify(src) by extension 'ignore_ament_install'
[0.700s] Level 1:colcon.colcon_core.package_identification:_identify(src) by extensions ['colcon_pkg']
[0.700s] Level 1:colcon.colcon_core.package_identification:_identify(src) by extension 'colcon_pkg'
[0.700s] Level 1:colcon.colcon_core.package_identification:_identify(src) by extensions ['colcon_meta']
[0.700s] Level 1:colcon.colcon_core.package_identification:_identify(src) by extension 'colcon_meta'
[0.700s] Level 1:colcon.colcon_core.package_identification:_identify(src) by extensions ['ros']
[0.700s] Level 1:colcon.colcon_core.package_identification:_identify(src) by extension 'ros'
[0.700s] Level 1:colcon.colcon_core.package_identification:_identify(src) by extensions ['cmake', 'python']
[0.700s] Level 1:colcon.colcon_core.package_identification:_identify(src) by extension 'cmake'
[0.700s] Level 1:colcon.colcon_core.package_identification:_identify(src) by extension 'python'
[0.700s] Level 1:colcon.colcon_core.package_identification:_identify(src) by extensions ['python_setup_py']
[0.700s] Level 1:colcon.colcon_core.package_identification:_identify(src) by extension 'python_setup_py'
[0.700s] Level 1:colcon.colcon_core.package_identification:_identify(src/gazebo_simulation) by extensions ['ignore', 'ignore_ament_install']
[0.701s] Level 1:colcon.colcon_core.package_identification:_identify(src/gazebo_simulation) by extension 'ignore'
[0.701s] Level 1:colcon.colcon_core.package_identification:_identify(src/gazebo_simulation) by extension 'ignore_ament_install'
[0.701s] Level 1:colcon.colcon_core.package_identification:_identify(src/gazebo_simulation) by extensions ['colcon_pkg']
[0.701s] Level 1:colcon.colcon_core.package_identification:_identify(src/gazebo_simulation) by extension 'colcon_pkg'
[0.701s] Level 1:colcon.colcon_core.package_identification:_identify(src/gazebo_simulation) by extensions ['colcon_meta']
[0.701s] Level 1:colcon.colcon_core.package_identification:_identify(src/gazebo_simulation) by extension 'colcon_meta'
[0.701s] Level 1:colcon.colcon_core.package_identification:_identify(src/gazebo_simulation) by extensions ['ros']
[0.701s] Level 1:colcon.colcon_core.package_identification:_identify(src/gazebo_simulation) by extension 'ros'
[0.705s] DEBUG:colcon.colcon_core.package_identification:Package 'src/gazebo_simulation' with type 'ros.ament_python' and name 'gazebo_simulation'
[0.705s] Level 1:colcon.colcon_core.package_discovery:discover_packages(recursive) using defaults
[0.705s] Level 1:colcon.colcon_core.package_discovery:discover_packages(ignore) discover
[0.705s] Level 1:colcon.colcon_core.package_discovery:discover_packages(ignore) using defaults
[0.705s] Level 1:colcon.colcon_core.package_discovery:discover_packages(path) discover
[0.705s] Level 1:colcon.colcon_core.package_discovery:discover_packages(path) using defaults
[0.754s] Level 1:colcon.colcon_core.package_discovery:discover_packages(prefix_path) check parameters
[0.755s] Level 1:colcon.colcon_core.package_discovery:discover_packages(prefix_path) discover
[0.761s] DEBUG:colcon.colcon_installed_package_information.package_discovery:Found 1 installed packages in /home/amandafontes/M6/M6-Inteli-Robot-Simulation/gazebo_simulation/ros2_workspace/install
[0.766s] DEBUG:colcon.colcon_installed_package_information.package_discovery:Found 382 installed packages in /opt/ros/humble
[0.772s] Level 1:colcon.colcon_core.package_discovery:discover_packages(prefix_path) using defaults
[0.955s] Level 5:colcon.colcon_core.verb:set package 'gazebo_simulation' build argument 'cmake_args' from command line to 'None'
[0.955s] Level 5:colcon.colcon_core.verb:set package 'gazebo_simulation' build argument 'cmake_target' from command line to 'None'
[0.956s] Level 5:colcon.colcon_core.verb:set package 'gazebo_simulation' build argument 'cmake_target_skip_unavailable' from command line to 'False'
[0.956s] Level 5:colcon.colcon_core.verb:set package 'gazebo_simulation' build argument 'cmake_clean_cache' from command line to 'False'
[0.956s] Level 5:colcon.colcon_core.verb:set package 'gazebo_simulation' build argument 'cmake_clean_first' from command line to 'False'
[0.956s] Level 5:colcon.colcon_core.verb:set package 'gazebo_simulation' build argument 'cmake_force_configure' from command line to 'False'
[0.956s] Level 5:colcon.colcon_core.verb:set package 'gazebo_simulation' build argument 'ament_cmake_args' from command line to 'None'
[0.956s] Level 5:colcon.colcon_core.verb:set package 'gazebo_simulation' build argument 'catkin_cmake_args' from command line to 'None'
[0.956s] Level 5:colcon.colcon_core.verb:set package 'gazebo_simulation' build argument 'catkin_skip_building_tests' from command line to 'False'
[0.956s] DEBUG:colcon.colcon_core.verb:Building package 'gazebo_simulation' with the following arguments: {'ament_cmake_args': None, 'build_base': '/home/amandafontes/M6/M6-Inteli-Robot-Simulation/gazebo_simulation/ros2_workspace/build/gazebo_simulation', 'catkin_cmake_args': None, 'catkin_skip_building_tests': False, 'cmake_args': None, 'cmake_clean_cache': False, 'cmake_clean_first': False, 'cmake_force_configure': False, 'cmake_target': None, 'cmake_target_skip_unavailable': False, 'install_base': '/home/amandafontes/M6/M6-Inteli-Robot-Simulation/gazebo_simulation/ros2_workspace/install/gazebo_simulation', 'merge_install': False, 'path': '/home/amandafontes/M6/M6-Inteli-Robot-Simulation/gazebo_simulation/ros2_workspace/src/gazebo_simulation', 'symlink_install': False, 'test_result_base': None}
[0.958s] INFO:colcon.colcon_core.executor:Executing jobs using 'parallel' executor
[0.969s] DEBUG:colcon.colcon_parallel_executor.executor.parallel:run_until_complete
[0.971s] INFO:colcon.colcon_ros.task.ament_python.build:Building ROS package in '/home/amandafontes/M6/M6-Inteli-Robot-Simulation/gazebo_simulation/ros2_workspace/src/gazebo_simulation' with build type 'ament_python'
[0.971s] Level 1:colcon.colcon_core.shell:create_environment_hook('gazebo_simulation', 'ament_prefix_path')
[0.987s] INFO:colcon.colcon_core.plugin_system:Skipping extension 'colcon_core.shell.bat': Not used on non-Windows systems
[0.988s] INFO:colcon.colcon_core.shell:Creating environment hook '/home/amandafontes/M6/M6-Inteli-Robot-Simulation/gazebo_simulation/ros2_workspace/install/gazebo_simulation/share/gazebo_simulation/hook/ament_prefix_path.ps1'
[0.990s] INFO:colcon.colcon_core.shell:Creating environment descriptor '/home/amandafontes/M6/M6-Inteli-Robot-Simulation/gazebo_simulation/ros2_workspace/install/gazebo_simulation/share/gazebo_simulation/hook/ament_prefix_path.dsv'
[0.992s] INFO:colcon.colcon_core.shell:Creating environment hook '/home/amandafontes/M6/M6-Inteli-Robot-Simulation/gazebo_simulation/ros2_workspace/install/gazebo_simulation/share/gazebo_simulation/hook/ament_prefix_path.sh'
[0.999s] INFO:colcon.colcon_core.shell:Skip shell extension 'powershell' for command environment: Not usable outside of PowerShell
[0.999s] DEBUG:colcon.colcon_core.shell:Skip shell extension 'dsv' for command environment
[1.710s] INFO:colcon.colcon_core.task.python.build:Building Python package in '/home/amandafontes/M6/M6-Inteli-Robot-Simulation/gazebo_simulation/ros2_workspace/src/gazebo_simulation'
[1.714s] INFO:colcon.colcon_core.shell:Skip shell extension 'powershell' for command environment: Not usable outside of PowerShell
[1.714s] DEBUG:colcon.colcon_core.shell:Skip shell extension 'dsv' for command environment
[2.558s] DEBUG:colcon.colcon_core.event_handler.log_command:Invoking command in '/home/amandafontes/M6/M6-Inteli-Robot-Simulation/gazebo_simulation/ros2_workspace/src/gazebo_simulation': PYTHONPATH=/home/amandafontes/M6/M6-Inteli-Robot-Simulation/gazebo_simulation/ros2_workspace/build/gazebo_simulation/prefix_override:/home/amandafontes/M6/M6-Inteli-Robot-Simulation/gazebo_simulation/ros2_workspace/install/gazebo_simulation/lib/python3.10/site-packages:${PYTHONPATH} WSLENV=ELECTRON_RUN_AS_NODE/w: /usr/bin/python3 setup.py egg_info --egg-base ../../build/gazebo_simulation build --build-base /home/amandafontes/M6/M6-Inteli-Robot-Simulation/gazebo_simulation/ros2_workspace/build/gazebo_simulation/build install --record /home/amandafontes/M6/M6-Inteli-Robot-Simulation/gazebo_simulation/ros2_workspace/build/gazebo_simulation/install.log --single-version-externally-managed
[3.031s] DEBUG:colcon.colcon_core.event_handler.log_command:Invoked command in '/home/amandafontes/M6/M6-Inteli-Robot-Simulation/gazebo_simulation/ros2_workspace/src/gazebo_simulation' returned '0': PYTHONPATH=/home/amandafontes/M6/M6-Inteli-Robot-Simulation/gazebo_simulation/ros2_workspace/build/gazebo_simulation/prefix_override:/home/amandafontes/M6/M6-Inteli-Robot-Simulation/gazebo_simulation/ros2_workspace/install/gazebo_simulation/lib/python3.10/site-packages:${PYTHONPATH} WSLENV=ELECTRON_RUN_AS_NODE/w: /usr/bin/python3 setup.py egg_info --egg-base ../../build/gazebo_simulation build --build-base /home/amandafontes/M6/M6-Inteli-Robot-Simulation/gazebo_simulation/ros2_workspace/build/gazebo_simulation/build install --record /home/amandafontes/M6/M6-Inteli-Robot-Simulation/gazebo_simulation/ros2_workspace/build/gazebo_simulation/install.log --single-version-externally-managed
[3.034s] Level 1:colcon.colcon_core.environment:checking '/home/amandafontes/M6/M6-Inteli-Robot-Simulation/gazebo_simulation/ros2_workspace/install/gazebo_simulation' for CMake module files
[3.035s] Level 1:colcon.colcon_core.environment:checking '/home/amandafontes/M6/M6-Inteli-Robot-Simulation/gazebo_simulation/ros2_workspace/install/gazebo_simulation' for CMake config files
[3.036s] Level 1:colcon.colcon_core.environment:checking '/home/amandafontes/M6/M6-Inteli-Robot-Simulation/gazebo_simulation/ros2_workspace/install/gazebo_simulation/lib'
[3.036s] Level 1:colcon.colcon_core.environment:checking '/home/amandafontes/M6/M6-Inteli-Robot-Simulation/gazebo_simulation/ros2_workspace/install/gazebo_simulation/bin'
[3.036s] Level 1:colcon.colcon_core.environment:checking '/home/amandafontes/M6/M6-Inteli-Robot-Simulation/gazebo_simulation/ros2_workspace/install/gazebo_simulation/lib/pkgconfig/gazebo_simulation.pc'
[3.036s] Level 1:colcon.colcon_core.environment:checking '/home/amandafontes/M6/M6-Inteli-Robot-Simulation/gazebo_simulation/ros2_workspace/install/gazebo_simulation/lib/python3.10/site-packages'
[3.037s] Level 1:colcon.colcon_core.shell:create_environment_hook('gazebo_simulation', 'pythonpath')
[3.039s] INFO:colcon.colcon_core.shell:Creating environment hook '/home/amandafontes/M6/M6-Inteli-Robot-Simulation/gazebo_simulation/ros2_workspace/install/gazebo_simulation/share/gazebo_simulation/hook/pythonpath.ps1'
[3.039s] INFO:colcon.colcon_core.shell:Creating environment descriptor '/home/amandafontes/M6/M6-Inteli-Robot-Simulation/gazebo_simulation/ros2_workspace/install/gazebo_simulation/share/gazebo_simulation/hook/pythonpath.dsv'
[3.040s] INFO:colcon.colcon_core.shell:Creating environment hook '/home/amandafontes/M6/M6-Inteli-Robot-Simulation/gazebo_simulation/ros2_workspace/install/gazebo_simulation/share/gazebo_simulation/hook/pythonpath.sh'
[3.041s] Level 1:colcon.colcon_core.environment:checking '/home/amandafontes/M6/M6-Inteli-Robot-Simulation/gazebo_simulation/ros2_workspace/install/gazebo_simulation/bin'
[3.041s] Level 1:colcon.colcon_core.environment:create_environment_scripts_only(gazebo_simulation)
[3.044s] INFO:colcon.colcon_core.shell:Creating package script '/home/amandafontes/M6/M6-Inteli-Robot-Simulation/gazebo_simulation/ros2_workspace/install/gazebo_simulation/share/gazebo_simulation/package.ps1'
[3.046s] INFO:colcon.colcon_core.shell:Creating package descriptor '/home/amandafontes/M6/M6-Inteli-Robot-Simulation/gazebo_simulation/ros2_workspace/install/gazebo_simulation/share/gazebo_simulation/package.dsv'
[3.048s] INFO:colcon.colcon_core.shell:Creating package script '/home/amandafontes/M6/M6-Inteli-Robot-Simulation/gazebo_simulation/ros2_workspace/install/gazebo_simulation/share/gazebo_simulation/package.sh'
[3.050s] INFO:colcon.colcon_core.shell:Creating package script '/home/amandafontes/M6/M6-Inteli-Robot-Simulation/gazebo_simulation/ros2_workspace/install/gazebo_simulation/share/gazebo_simulation/package.bash'
[3.051s] INFO:colcon.colcon_core.shell:Creating package script '/home/amandafontes/M6/M6-Inteli-Robot-Simulation/gazebo_simulation/ros2_workspace/install/gazebo_simulation/share/gazebo_simulation/package.zsh'
[3.053s] Level 1:colcon.colcon_core.environment:create_file_with_runtime_dependencies(/home/amandafontes/M6/M6-Inteli-Robot-Simulation/gazebo_simulation/ros2_workspace/install/gazebo_simulation/share/colcon-core/packages/gazebo_simulation)
[3.053s] DEBUG:colcon.colcon_parallel_executor.executor.parallel:closing loop
[3.055s] DEBUG:colcon.colcon_parallel_executor.executor.parallel:loop closed
[3.055s] DEBUG:colcon.colcon_parallel_executor.executor.parallel:run_until_complete finished with '0'
[3.056s] DEBUG:colcon.colcon_core.event_reactor:joining thread
[3.201s] INFO:colcon.colcon_core.plugin_system:Skipping extension 'colcon_notification.desktop_notification.notify_send': Could not find 'notify-send'
[3.201s] INFO:colcon.colcon_core.plugin_system:Skipping extension 'colcon_notification.desktop_notification.terminal_notifier': Not used on non-Darwin systems
[3.201s] INFO:colcon.colcon_core.plugin_system:Skipping extension 'colcon_notification.desktop_notification.win32': Not used on non-Windows systems
[3.201s] INFO:colcon.colcon_notification.desktop_notification:Sending desktop notification using 'notify2'
[3.225s] DEBUG:colcon.colcon_notification.desktop_notification.notify2:Failed to initialize notify2: org.freedesktop.DBus.Error.ServiceUnknown: The name org.freedesktop.Notifications was not provided by any .service files
[3.226s] DEBUG:colcon.colcon_core.event_reactor:joined thread
[3.230s] INFO:colcon.colcon_core.shell:Creating prefix script '/home/amandafontes/M6/M6-Inteli-Robot-Simulation/gazebo_simulation/ros2_workspace/install/local_setup.ps1'
[3.233s] INFO:colcon.colcon_core.shell:Creating prefix util module '/home/amandafontes/M6/M6-Inteli-Robot-Simulation/gazebo_simulation/ros2_workspace/install/_local_setup_util_ps1.py'
[3.237s] INFO:colcon.colcon_core.shell:Creating prefix chain script '/home/amandafontes/M6/M6-Inteli-Robot-Simulation/gazebo_simulation/ros2_workspace/install/setup.ps1'
[3.240s] INFO:colcon.colcon_core.shell:Creating prefix script '/home/amandafontes/M6/M6-Inteli-Robot-Simulation/gazebo_simulation/ros2_workspace/install/local_setup.sh'
[3.242s] INFO:colcon.colcon_core.shell:Creating prefix util module '/home/amandafontes/M6/M6-Inteli-Robot-Simulation/gazebo_simulation/ros2_workspace/install/_local_setup_util_sh.py'
[3.243s] INFO:colcon.colcon_core.shell:Creating prefix chain script '/home/amandafontes/M6/M6-Inteli-Robot-Simulation/gazebo_simulation/ros2_workspace/install/setup.sh'
[3.248s] INFO:colcon.colcon_core.shell:Creating prefix script '/home/amandafontes/M6/M6-Inteli-Robot-Simulation/gazebo_simulation/ros2_workspace/install/local_setup.bash'
[3.249s] INFO:colcon.colcon_core.shell:Creating prefix chain script '/home/amandafontes/M6/M6-Inteli-Robot-Simulation/gazebo_simulation/ros2_workspace/install/setup.bash'
[3.252s] INFO:colcon.colcon_core.shell:Creating prefix script '/home/amandafontes/M6/M6-Inteli-Robot-Simulation/gazebo_simulation/ros2_workspace/install/local_setup.zsh'
[3.253s] INFO:colcon.colcon_core.shell:Creating prefix chain script '/home/amandafontes/M6/M6-Inteli-Robot-Simulation/gazebo_simulation/ros2_workspace/install/setup.zsh'
